[debug] [2026-02-04T05:36:39.749Z] ----------------------------------------------------------------------
[debug] [2026-02-04T05:36:39.751Z] Command:       /opt/homebrew/Cellar/node/24.7.0/bin/node /opt/homebrew/bin/firebase deploy
[debug] [2026-02-04T05:36:39.751Z] CLI Version:   15.3.1
[debug] [2026-02-04T05:36:39.751Z] Platform:      darwin
[debug] [2026-02-04T05:36:39.751Z] Node Version:  v24.7.0
[debug] [2026-02-04T05:36:39.751Z] Time:          Wed Feb 04 2026 02:36:39 GMT-0300 (Brasilia Standard Time)
[debug] [2026-02-04T05:36:39.751Z] ----------------------------------------------------------------------
[debug] 
[debug] [2026-02-04T05:36:39.752Z] >>> [apiv2][query] GET https://firebase-public.firebaseio.com/cli.json [none]
[debug] [2026-02-04T05:36:41.449Z] Object "/storage" in "firebase.json" has unknown property: {"additionalProperty":"bucket"}
[debug] [2026-02-04T05:36:41.449Z] Field "/storage" in "firebase.json" is possibly invalid: must be array
[debug] [2026-02-04T05:36:41.449Z] Field "/storage" in "firebase.json" is possibly invalid: must match a schema in anyOf
[debug] [2026-02-04T05:36:41.452Z] > command requires scopes: ["email","openid","https://www.googleapis.com/auth/cloudplatformprojects.readonly","https://www.googleapis.com/auth/firebase","https://www.googleapis.com/auth/cloud-platform"]
[debug] [2026-02-04T05:36:41.452Z] > authorizing via signed-in user (thxssio@gmail.com)
[debug] [2026-02-04T05:36:41.452Z] [iam] checking project ieadsmrs for permissions ["datastore.indexes.create","datastore.indexes.delete","datastore.indexes.list","datastore.indexes.update","firebase.projects.get","firebaserules.releases.create","firebaserules.releases.update","firebaserules.rulesets.create",null]
[debug] [2026-02-04T05:36:41.452Z] Checked if tokens are valid: false, expires at: 1770082197964
[debug] [2026-02-04T05:36:41.452Z] Checked if tokens are valid: false, expires at: 1770082197964
[debug] [2026-02-04T05:36:41.452Z] > refreshing access token with scopes: []
[debug] [2026-02-04T05:36:41.453Z] >>> [apiv2][query] POST https://www.googleapis.com/oauth2/v3/token [none]
[debug] [2026-02-04T05:36:41.453Z] >>> [apiv2][body] POST https://www.googleapis.com/oauth2/v3/token [omitted]
[debug] [2026-02-04T05:36:41.821Z] <<< [apiv2][status] POST https://www.googleapis.com/oauth2/v3/token 200
[debug] [2026-02-04T05:36:41.822Z] <<< [apiv2][body] POST https://www.googleapis.com/oauth2/v3/token [omitted]
[debug] [2026-02-04T05:36:42.313Z] >>> [apiv2][query] POST https://cloudresourcemanager.googleapis.com/v1/projects/ieadsmrs:testIamPermissions [none]
[debug] [2026-02-04T05:36:42.313Z] >>> [apiv2][(partial)header] POST https://cloudresourcemanager.googleapis.com/v1/projects/ieadsmrs:testIamPermissions x-goog-quota-user=projects/ieadsmrs
[debug] [2026-02-04T05:36:42.313Z] >>> [apiv2][body] POST https://cloudresourcemanager.googleapis.com/v1/projects/ieadsmrs:testIamPermissions {"permissions":["datastore.indexes.create","datastore.indexes.delete","datastore.indexes.list","datastore.indexes.update","firebase.projects.get","firebaserules.releases.create","firebaserules.releases.update","firebaserules.rulesets.create",null]}
[debug] [2026-02-04T05:36:42.317Z] <<< [apiv2][status] GET https://firebase-public.firebaseio.com/cli.json 200
[debug] [2026-02-04T05:36:42.317Z] <<< [apiv2][body] GET https://firebase-public.firebaseio.com/cli.json {"cloudBuildErrorAfter":1594252800000,"cloudBuildWarnAfter":1590019200000,"defaultNode10After":1594252800000,"minVersion":"3.0.5","node8DeploysDisabledAfter":1613390400000,"node8RuntimeDisabledAfter":1615809600000,"node8WarnAfter":1600128000000}
[debug] [2026-02-04T05:36:43.393Z] <<< [apiv2][status] POST https://cloudresourcemanager.googleapis.com/v1/projects/ieadsmrs:testIamPermissions 200
[debug] [2026-02-04T05:36:43.393Z] <<< [apiv2][body] POST https://cloudresourcemanager.googleapis.com/v1/projects/ieadsmrs:testIamPermissions {"permissions":["datastore.indexes.create","datastore.indexes.delete","datastore.indexes.list","datastore.indexes.update","firebase.projects.get","firebaserules.releases.create","firebaserules.releases.update","firebaserules.rulesets.create"]}
[debug] [2026-02-04T05:36:43.393Z] [iam] error while checking permissions, command may fail: Authorization failed. This account is missing the following required permissions on project ieadsmrs:

  
[info] 
[info] === Deploying to 'ieadsmrs'...
[info] 
[info] i  deploying storage, firestore, apphosting 
[info] i  storage: ensuring required API firebasestorage.googleapis.com is enabled... 
[debug] [2026-02-04T05:36:43.397Z] Checked if tokens are valid: true, expires at: 1770187000822
[debug] [2026-02-04T05:36:43.397Z] Checked if tokens are valid: true, expires at: 1770187000822
[debug] [2026-02-04T05:36:43.397Z] >>> [apiv2][query] GET https://firebasestorage.googleapis.com/v1alpha/projects/ieadsmrs/defaultBucket [none]
[debug] [2026-02-04T05:36:44.857Z] <<< [apiv2][status] GET https://firebasestorage.googleapis.com/v1alpha/projects/ieadsmrs/defaultBucket 200
[debug] [2026-02-04T05:36:44.857Z] <<< [apiv2][body] GET https://firebasestorage.googleapis.com/v1alpha/projects/ieadsmrs/defaultBucket {"name":"projects/ieadsmrs/defaultBucket","location":"US-EAST1","bucket":{"name":"projects/ieadsmrs/buckets/ieadsmrs.firebasestorage.app"},"storageClass":"REGIONAL"}
[info] i  firebase.storage: checking storage.rules for compilation errors... 
[debug] [2026-02-04T05:36:44.860Z] Checked if tokens are valid: true, expires at: 1770187000822
[debug] [2026-02-04T05:36:44.861Z] Checked if tokens are valid: true, expires at: 1770187000822
[debug] [2026-02-04T05:36:44.862Z] >>> [apiv2][query] POST https://firebaserules.googleapis.com/v1/projects/ieadsmrs:test [none]
[debug] [2026-02-04T05:36:44.862Z] >>> [apiv2][body] POST https://firebaserules.googleapis.com/v1/projects/ieadsmrs:test [omitted]
[debug] [2026-02-04T05:36:46.401Z] <<< [apiv2][status] POST https://firebaserules.googleapis.com/v1/projects/ieadsmrs:test 200
[debug] [2026-02-04T05:36:46.401Z] <<< [apiv2][body] POST https://firebaserules.googleapis.com/v1/projects/ieadsmrs:test {}
[info] ✔  firebase.storage: rules file storage.rules compiled successfully 
[info] i  firestore: ensuring required API firestore.googleapis.com is enabled... 
[info] i  firestore: ensuring required API firestore.googleapis.com is enabled... 
[debug] [2026-02-04T05:36:46.404Z] Checked if tokens are valid: true, expires at: 1770187000822
[debug] [2026-02-04T05:36:46.404Z] Checked if tokens are valid: true, expires at: 1770187000822
[debug] [2026-02-04T05:36:46.404Z] >>> [apiv2][query] GET https://firestore.googleapis.com/v1/projects/ieadsmrs/databases/(default) [none]
[debug] [2026-02-04T05:36:47.610Z] <<< [apiv2][status] GET https://firestore.googleapis.com/v1/projects/ieadsmrs/databases/(default) 200
[debug] [2026-02-04T05:36:47.610Z] <<< [apiv2][body] GET https://firestore.googleapis.com/v1/projects/ieadsmrs/databases/(default) {"name":"projects/ieadsmrs/databases/(default)","uid":"874bdea1-a939-475b-b9a0-04ba2986b347","createTime":"2025-07-25T03:56:11.686078Z","updateTime":"2025-07-25T03:56:11.686078Z","locationId":"nam5","type":"FIRESTORE_NATIVE","concurrencyMode":"PESSIMISTIC","versionRetentionPeriod":"3600s","earliestVersionTime":"2026-02-04T04:36:47.539492Z","appEngineIntegrationMode":"DISABLED","keyPrefix":"s","pointInTimeRecoveryEnablement":"POINT_IN_TIME_RECOVERY_DISABLED","deleteProtectionState":"DELETE_PROTECTION_DISABLED","databaseEdition":"STANDARD","freeTier":true,"realtimeUpdatesMode":"REALTIME_UPDATES_MODE_ENABLED","etag":"IIOmxomPv5IDMMmk05WH944D"}
[info] i  firestore: reading indexes from firestore.indexes.json... 
[info] i  cloud.firestore: checking firestore.rules for compilation errors... 
[debug] [2026-02-04T05:36:47.612Z] Checked if tokens are valid: true, expires at: 1770187000822
[debug] [2026-02-04T05:36:47.612Z] Checked if tokens are valid: true, expires at: 1770187000822
[debug] [2026-02-04T05:36:47.612Z] >>> [apiv2][query] POST https://firebaserules.googleapis.com/v1/projects/ieadsmrs:test [none]
[debug] [2026-02-04T05:36:47.612Z] >>> [apiv2][body] POST https://firebaserules.googleapis.com/v1/projects/ieadsmrs:test [omitted]
